<?xml version="1.0" encoding="UTF-8"?>
<!-- Generated by org.testng.reporters.JUnitReportReporter -->
<testsuite hostname="qr004" name="parsertest.GroupingSectionTest.GroupingParserTest" tests="5" failures="0" timestamp="4 Nov 2015 14:34:09 GMT" time="0.000" errors="0">
  <testcase name="goToGroupingDetailedInformationWithException" time="0.000" classname="parsertest.GroupingSectionTest.GroupingParserTest"/>
  <testcase name="keepThisState" time="0.000" classname="parsertest.GroupingSectionTest.GroupingParserTest"/>
  <testcase name="goToGroupingDetailedInformationParser" time="0.000" classname="parsertest.GroupingSectionTest.GroupingParserTest"/>
  <testcase name="goToAnnotationsParser" time="0.000" classname="parsertest.GroupingSectionTest.GroupingParserTest"/>
  <testcase name="goToAnnotaitonsParserWithException" time="0.000" classname="parsertest.GroupingSectionTest.GroupingParserTest"/>
</testsuite> <!-- parsertest.GroupingSectionTest.GroupingParserTest -->
