<?xml version="1.0" encoding="UTF-8"?>
<!-- Generated by org.testng.reporters.JUnitReportReporter -->
<testsuite hostname="QR022" name="parsertest.ConnectionSectionTest.BetweenInlineConnectionParserTest" tests="3" failures="0" timestamp="4 Nov 2015 14:52:26 GMT" time="0.000" errors="0">
  <testcase name="goToConnectionsParser" time="0.000" classname="parsertest.ConnectionSectionTest.BetweenInlineConnectionParserTest"/>
  <testcase name="goToGroupingSection" time="0.000" classname="parsertest.ConnectionSectionTest.BetweenInlineConnectionParserTest"/>
  <testcase name="Reading$WithException" time="0.000" classname="parsertest.ConnectionSectionTest.BetweenInlineConnectionParserTest"/>
</testsuite> <!-- parsertest.ConnectionSectionTest.BetweenInlineConnectionParserTest -->
