<?xml version="1.0" encoding="UTF-8"?>
<!-- Generated by org.testng.reporters.JUnitReportReporter -->
<testsuite hostname="QR022" name="parsertest.connectionsectiontest.BetweenInlineConnectionParserTest" tests="3" failures="0" timestamp="7 Dec 2015 08:17:27 GMT" time="0.000" errors="0">
  <testcase name="Reading$WithException" time="0.000" classname="parsertest.connectionsectiontest.BetweenInlineConnectionParserTest"/>
  <testcase name="goToConnectionsParser" time="0.000" classname="parsertest.connectionsectiontest.BetweenInlineConnectionParserTest"/>
  <testcase name="goToGroupingSection" time="0.000" classname="parsertest.connectionsectiontest.BetweenInlineConnectionParserTest"/>
</testsuite> <!-- parsertest.connectionsectiontest.BetweenInlineConnectionParserTest -->
