<?xml version="1.0" encoding="UTF-8"?>
<!-- Generated by org.testng.reporters.JUnitReportReporter -->
<testsuite hostname="qr004" name="parsertest.ConverterHELM1ToHELM2Test" tests="2" failures="0" timestamp="4 Nov 2015 14:34:09 GMT" time="0.031" errors="0">
  <testcase name="simpleHELM1StringTest" time="0.000" classname="parsertest.ConverterHELM1ToHELM2Test"/>
  <testcase name="SMILESTest" time="0.031" classname="parsertest.ConverterHELM1ToHELM2Test"/>
</testsuite> <!-- parsertest.ConverterHELM1ToHELM2Test -->
