<?xml version="1.0" encoding="UTF-8"?>
<!-- Generated by org.testng.reporters.JUnitReportReporter -->
<testsuite hostname="QR022" name="NotationTest.Polymer.MonomerNotationTest" tests="7" failures="0" timestamp="4 Nov 2015 14:52:25 GMT" time="0.003" errors="0">
  <testcase name="testMonomerNotationCount" time="0.000" classname="NotationTest.Polymer.MonomerNotationTest"/>
  <testcase name="testMonomerNotationDefaultCount" time="0.001" classname="NotationTest.Polymer.MonomerNotationTest"/>
  <testcase name="testMonomerNotationIDValue" time="0.001" classname="NotationTest.Polymer.MonomerNotationTest"/>
  <testcase name="testMonomerNotationID_" time="0.000" classname="NotationTest.Polymer.MonomerNotationTest"/>
  <testcase name="testMonomerNotationAnnotation" time="0.001" classname="NotationTest.Polymer.MonomerNotationTest"/>
  <testcase name="testMonomerNotationDefaultAnnotation" time="0.000" classname="NotationTest.Polymer.MonomerNotationTest"/>
  <testcase name="testMonomerNotationID" time="0.000" classname="NotationTest.Polymer.MonomerNotationTest"/>
</testsuite> <!-- NotationTest.Polymer.MonomerNotationTest -->
