<?xml version="1.0" encoding="UTF-8"?>
<!-- Generated by org.testng.reporters.JUnitReportReporter -->
<testsuite hostname="QR022" name="parsertest.groupingsectiontest.GroupingDetailedInformationParserTest" tests="3" failures="0" timestamp="4 Dec 2015 09:47:06 GMT" time="0.002" errors="0">
  <testcase name="keepThisState" time="0.001" classname="parsertest.groupingsectiontest.GroupingDetailedInformationParserTest"/>
  <testcase name="goToBetweenGroupingParser" time="0.001" classname="parsertest.groupingsectiontest.GroupingDetailedInformationParserTest"/>
  <testcase name="goToBetweenGroupingParserWithException" time="0.000" classname="parsertest.groupingsectiontest.GroupingDetailedInformationParserTest"/>
</testsuite> <!-- parsertest.groupingsectiontest.GroupingDetailedInformationParserTest -->
