<?xml version="1.0" encoding="UTF-8"?>
<!-- Generated by org.testng.reporters.JUnitReportReporter -->
<testsuite hostname="qr004" name="parsertest.GroupingSectionTest.GroupingDetailedInformationParserTest" tests="3" failures="0" timestamp="4 Nov 2015 14:34:09 GMT" time="0.000" errors="0">
  <testcase name="goToBetweenGroupingParser" time="0.000" classname="parsertest.GroupingSectionTest.GroupingDetailedInformationParserTest"/>
  <testcase name="goToBetweenGroupingParserWithException" time="0.000" classname="parsertest.GroupingSectionTest.GroupingDetailedInformationParserTest"/>
  <testcase name="keepThisState" time="0.000" classname="parsertest.GroupingSectionTest.GroupingDetailedInformationParserTest"/>
</testsuite> <!-- parsertest.GroupingSectionTest.GroupingDetailedInformationParserTest -->
