<?xml version="1.0" encoding="UTF-8"?>
<!-- Generated by org.testng.reporters.JUnitReportReporter -->
<testsuite hostname="QR022" name="parsertest.ConnectionSectionTest.ConnectionsDetailsParserTest" tests="5" failures="0" timestamp="4 Nov 2015 14:52:26 GMT" time="0.005" errors="0">
  <testcase name="goToInlineAnnotationsParserWithException" time="0.001" classname="parsertest.ConnectionSectionTest.ConnectionsDetailsParserTest"/>
  <testcase name="goToGroupingParser" time="0.001" classname="parsertest.ConnectionSectionTest.ConnectionsDetailsParserTest"/>
  <testcase name="keepThisState" time="0.001" classname="parsertest.ConnectionSectionTest.ConnectionsDetailsParserTest"/>
  <testcase name="goToInlineAnnotationsParser" time="0.001" classname="parsertest.ConnectionSectionTest.ConnectionsDetailsParserTest"/>
  <testcase name="goToGroupingParserWithException" time="0.001" classname="parsertest.ConnectionSectionTest.ConnectionsDetailsParserTest"/>
</testsuite> <!-- parsertest.ConnectionSectionTest.ConnectionsDetailsParserTest -->
