<?xml version="1.0" encoding="UTF-8"?>
<!-- Generated by org.testng.reporters.JUnitReportReporter -->
<testsuite hostname="QR022" name="parsertest.simplepolymerssectiontest.SimplePolymersParserTest" tests="4" failures="0" timestamp="7 Dec 2015 08:36:52 GMT" time="0.002" errors="0">
  <testcase name="goToSimplePolymersNotationParserTestWithException" time="0.001" classname="parsertest.simplepolymerssectiontest.SimplePolymersParserTest"/>
  <testcase name="keepThisStateTest" time="0.000" classname="parsertest.simplepolymerssectiontest.SimplePolymersParserTest"/>
  <testcase name="goToConnectionSectionTest" time="0.001" classname="parsertest.simplepolymerssectiontest.SimplePolymersParserTest"/>
  <testcase name="goToSimplePolymersNotationParserTest" time="0.000" classname="parsertest.simplepolymerssectiontest.SimplePolymersParserTest"/>
</testsuite> <!-- parsertest.simplepolymerssectiontest.SimplePolymersParserTest -->
