<?xml version="1.0" encoding="UTF-8"?>
<!-- Generated by org.testng.reporters.JUnitReportReporter -->
<testsuite hostname="qr004" name="NotationTest.Polymer.MonomerNotationGroupGroupElementTest" tests="2" failures="0" timestamp="4 Nov 2015 14:34:09 GMT" time="0.000" errors="0">
  <testcase name="testConstructorRange" time="0.000" classname="NotationTest.Polymer.MonomerNotationGroupGroupElementTest"/>
  <testcase name="testConstructor" time="0.000" classname="NotationTest.Polymer.MonomerNotationGroupGroupElementTest"/>
</testsuite> <!-- NotationTest.Polymer.MonomerNotationGroupGroupElementTest -->
