<?xml version="1.0" encoding="UTF-8"?>
<!-- Generated by org.testng.reporters.JUnitReportReporter -->
<testsuite hostname="QR022" name="parsertest.connectionsectiontest.ConnectionsParserTest" tests="5" failures="0" timestamp="4 Dec 2015 09:47:06 GMT" time="0.002" errors="0">
  <testcase name="goToGroupingParser" time="0.001" classname="parsertest.connectionsectiontest.ConnectionsParserTest"/>
  <testcase name="goToGroupingParserWithException" time="0.000" classname="parsertest.connectionsectiontest.ConnectionsParserTest"/>
  <testcase name="goToConnectionsReadSecondIDParser" time="0.000" classname="parsertest.connectionsectiontest.ConnectionsParserTest"/>
  <testcase name="keepThisState" time="0.000" classname="parsertest.connectionsectiontest.ConnectionsParserTest"/>
  <testcase name="goToConnectionsReadSecondIDParserWithException" time="0.001" classname="parsertest.connectionsectiontest.ConnectionsParserTest"/>
</testsuite> <!-- parsertest.connectionsectiontest.ConnectionsParserTest -->
