<?xml version="1.0" encoding="UTF-8"?>
<!-- Generated by org.testng.reporters.JUnitReportReporter -->
<testsuite hostname="QR022" name="parsertest.ConverterHELM1ToHELM2Test" tests="2" failures="0" timestamp="7 Dec 2015 08:17:27 GMT" time="0.027" errors="0">
  <testcase name="SMILESTest" time="0.018" classname="parsertest.ConverterHELM1ToHELM2Test"/>
  <testcase name="simpleHELM1StringTest" time="0.009" classname="parsertest.ConverterHELM1ToHELM2Test"/>
</testsuite> <!-- parsertest.ConverterHELM1ToHELM2Test -->
