<?xml version="1.0" encoding="UTF-8"?>
<!-- Generated by org.testng.reporters.JUnitReportReporter -->
<testsuite hostname="qr004" name="NotationTest.Polymer.EntityTest" tests="1" failures="0" timestamp="4 Nov 2015 14:34:09 GMT" time="0.000" errors="0">
  <testcase name="testEntity" time="0.000" classname="NotationTest.Polymer.EntityTest"/>
</testsuite> <!-- NotationTest.Polymer.EntityTest -->
