<?xml version="1.0" encoding="UTF-8"?>
<!-- Generated by org.testng.reporters.JUnitReportReporter -->
<testsuite hostname="qr004" name="parsertest.AnnotationSectionTest.AnnotationParserTest" tests="3" failures="0" timestamp="4 Nov 2015 14:34:09 GMT" time="0.016" errors="0">
  <testcase name="goToFinalState" time="0.016" classname="parsertest.AnnotationSectionTest.AnnotationParserTest"/>
  <testcase name="keepToFinalStateWithException" time="0.000" classname="parsertest.AnnotationSectionTest.AnnotationParserTest"/>
  <testcase name="keepThisState" time="0.000" classname="parsertest.AnnotationSectionTest.AnnotationParserTest"/>
</testsuite> <!-- parsertest.AnnotationSectionTest.AnnotationParserTest -->
