<?xml version="1.0" encoding="UTF-8"?>
<!-- Generated by org.testng.reporters.JUnitReportReporter -->
<testsuite hostname="QR022" name="parsertest.groupingsectiontest.TestInputGroupingSection" tests="5" failures="0" timestamp="7 Dec 2015 08:36:52 GMT" time="0.052" errors="0">
  <testcase name="testGroupingAmbiguityAndRatio" time="0.018" classname="parsertest.groupingsectiontest.TestInputGroupingSection"/>
  <testcase name="testGroupingAmbiguityAnd" time="0.015" classname="parsertest.groupingsectiontest.TestInputGroupingSection"/>
  <testcase name="testGroupingAmbiguityAndRatioAndRange" time="0.001" classname="parsertest.groupingsectiontest.TestInputGroupingSection"/>
  <testcase name="testGroupingUnknownRatio" time="0.003" classname="parsertest.groupingsectiontest.TestInputGroupingSection"/>
  <testcase name="testGroupingAmbiguityOr" time="0.015" classname="parsertest.groupingsectiontest.TestInputGroupingSection"/>
</testsuite> <!-- parsertest.groupingsectiontest.TestInputGroupingSection -->
