<?xml version="1.0" encoding="UTF-8"?>
<!-- Generated by org.testng.reporters.JUnitReportReporter -->
<testsuite hostname="QR022" name="parsertest.annotationsectiontest.TestInputAnnotationSection" tests="1" failures="0" timestamp="4 Dec 2015 09:47:06 GMT" time="0.006" errors="0">
  <testcase name="testSimpleInput" time="0.006" classname="parsertest.annotationsectiontest.TestInputAnnotationSection"/>
</testsuite> <!-- parsertest.annotationsectiontest.TestInputAnnotationSection -->
