<?xml version="1.0" encoding="UTF-8"?>
<!-- Generated by org.testng.reporters.JUnitReportReporter -->
<testsuite hostname="QR022" name="parsertest.FinalStateTest" tests="1" failures="0" timestamp="7 Dec 2015 08:36:52 GMT" time="0.000" errors="0">
  <testcase name="goToFinalStateWithException" time="0.000" classname="parsertest.FinalStateTest"/>
</testsuite> <!-- parsertest.FinalStateTest -->
