<?xml version="1.0" encoding="UTF-8"?>
<!-- Generated by org.testng.reporters.JUnitReportReporter -->
<testsuite hostname="QR022" name="NotationTest.Polymer.PolymerElementsTest" tests="2" failures="0" timestamp="4 Nov 2015 14:52:25 GMT" time="0.000" errors="0">
  <testcase name="testConstructorSingle" time="0.000" classname="NotationTest.Polymer.PolymerElementsTest"/>
  <testcase name="testConstructorList" time="0.000" classname="NotationTest.Polymer.PolymerElementsTest"/>
</testsuite> <!-- NotationTest.Polymer.PolymerElementsTest -->
