<?xml version="1.0" encoding="UTF-8"?>
<!-- Generated by org.testng.reporters.JUnitReportReporter -->
<testsuite hostname="QR022" name="parsertest.SimplePolymersSectionTest.TestInputSimplePolymerSection" tests="16" failures="0" timestamp="4 Nov 2015 14:52:26 GMT" time="0.076" errors="0">
  <testcase name="testSimpleInput" time="0.009" classname="parsertest.SimplePolymersSectionTest.TestInputSimplePolymerSection"/>
  <testcase name="testInlineAnnotations" time="0.004" classname="parsertest.SimplePolymersSectionTest.TestInputSimplePolymerSection"/>
  <testcase name="testGlycosylation" time="0.036" classname="parsertest.SimplePolymersSectionTest.TestInputSimplePolymerSection"/>
  <testcase name="testInlineAnnoationsWithException" time="0.000" classname="parsertest.SimplePolymersSectionTest.TestInputSimplePolymerSection"/>
  <testcase name="testInlineAnnotationsPolymer" time="0.008" classname="parsertest.SimplePolymersSectionTest.TestInputSimplePolymerSection"/>
  <testcase name="testNewSimplePolymerType" time="0.002" classname="parsertest.SimplePolymersSectionTest.TestInputSimplePolymerSection"/>
  <testcase name="testLysineThereOrNot" time="0.008" classname="parsertest.SimplePolymersSectionTest.TestInputSimplePolymerSection"/>
  <testcase name="testMonomerRepeating" time="0.000" classname="parsertest.SimplePolymersSectionTest.TestInputSimplePolymerSection"/>
  <testcase name="testInlineAnnotationsPolymerWithException" time="0.005" classname="parsertest.SimplePolymersSectionTest.TestInputSimplePolymerSection"/>
  <testcase name="testMonomerRepeatingRange" time="0.000" classname="parsertest.SimplePolymersSectionTest.TestInputSimplePolymerSection"/>
  <testcase name="testRepeatedFragmentsWithException" time="0.000" classname="parsertest.SimplePolymersSectionTest.TestInputSimplePolymerSection"/>
  <testcase name="testInlineAnnotationsPolymerUnknown" time="0.000" classname="parsertest.SimplePolymersSectionTest.TestInputSimplePolymerSection"/>
  <testcase name="testRepeatedFragments" time="0.001" classname="parsertest.SimplePolymersSectionTest.TestInputSimplePolymerSection"/>
  <testcase name="testMonomerRepeatingUnitsWithException" time="0.000" classname="parsertest.SimplePolymersSectionTest.TestInputSimplePolymerSection"/>
  <testcase name="testMonomerRepeatingUnits" time="0.002" classname="parsertest.SimplePolymersSectionTest.TestInputSimplePolymerSection"/>
  <testcase name="testInlineAnnoationsInBrackets" time="0.001" classname="parsertest.SimplePolymersSectionTest.TestInputSimplePolymerSection"/>
</testsuite> <!-- parsertest.SimplePolymersSectionTest.TestInputSimplePolymerSection -->
