<?xml version="1.0" encoding="UTF-8"?>
<!-- Generated by org.testng.reporters.JUnitReportReporter -->
<testsuite hostname="QR022" name="parsertest.connectionsectiontest.TestInputConnectionSection" tests="9" failures="0" timestamp="4 Dec 2015 09:47:06 GMT" time="0.067" errors="0">
  <testcase name="testConnectionMonomerAmbiguity" time="0.010" classname="parsertest.connectionsectiontest.TestInputConnectionSection"/>
  <testcase name="testInlineAnnotationsConnectionWithException" time="0.009" classname="parsertest.connectionsectiontest.TestInputConnectionSection"/>
  <testcase name="testConnectionMonomer" time="0.011" classname="parsertest.connectionsectiontest.TestInputConnectionSection"/>
  <testcase name="testConnectionMonomerAmbiguityPartlyInformation" time="0.009" classname="parsertest.connectionsectiontest.TestInputConnectionSection"/>
  <testcase name="testConnectionUnknownBinding" time="0.004" classname="parsertest.connectionsectiontest.TestInputConnectionSection"/>
  <testcase name="testInlineAnnotationsConnection" time="0.009" classname="parsertest.connectionsectiontest.TestInputConnectionSection"/>
  <testcase name="testConnectionStatisticalBinding" time="0.003" classname="parsertest.connectionsectiontest.TestInputConnectionSection"/>
  <testcase name="testConnectionMonomerAmbiguityNoInformation" time="0.009" classname="parsertest.connectionsectiontest.TestInputConnectionSection"/>
  <testcase name="testHydrogenBondInConnectionSection" time="0.003" classname="parsertest.connectionsectiontest.TestInputConnectionSection"/>
</testsuite> <!-- parsertest.connectionsectiontest.TestInputConnectionSection -->
