<?xml version="1.0" encoding="UTF-8"?>
<!-- Generated by org.testng.reporters.JUnitReportReporter -->
<testsuite hostname="QR022" name="NotationTest.NotationTest" tests="2" failures="0" timestamp="4 Nov 2015 14:52:25 GMT" time="0.402" errors="0">
  <testcase name="testPositiveInput" time="0.376" classname="NotationTest.NotationTest"/>
  <testcase name="testNegativeInput" time="0.026" classname="NotationTest.NotationTest"/>
</testsuite> <!-- NotationTest.NotationTest -->
