<?xml version="1.0" encoding="UTF-8"?>
<!-- Generated by org.testng.reporters.JUnitReportReporter -->
<testsuite hostname="qr004" name="NotationTest.ConnectionNotationTest" tests="3" failures="0" timestamp="4 Nov 2015 14:34:09 GMT" time="0.047" errors="0">
  <testcase name="testConnectionNotationTwo" time="0.016" classname="NotationTest.ConnectionNotationTest"/>
  <testcase name="testConnectionGrouping" time="0.015" classname="NotationTest.ConnectionNotationTest"/>
  <testcase name="testConnectionNotation" time="0.016" classname="NotationTest.ConnectionNotationTest"/>
</testsuite> <!-- NotationTest.ConnectionNotationTest -->
