<?xml version="1.0" encoding="UTF-8"?>
<!-- Generated by org.testng.reporters.JUnitReportReporter -->
<testsuite hostname="QR022" name="NotationTest.GroupingNotationTest" tests="6" failures="0" timestamp="4 Nov 2015 14:52:25 GMT" time="0.085" errors="0">
  <testcase name="testGroupingNotationOR" time="0.014" classname="NotationTest.GroupingNotationTest"/>
  <testcase name="testGroupingNotationOrDefaultValue" time="0.014" classname="NotationTest.GroupingNotationTest"/>
  <testcase name="testGroupingNotationMixture" time="0.014" classname="NotationTest.GroupingNotationTest"/>
  <testcase name="testGroupingNotationMixtureRange" time="0.014" classname="NotationTest.GroupingNotationTest"/>
  <testcase name="testGroupingAndOr" time="0.015" classname="NotationTest.GroupingNotationTest"/>
  <testcase name="testGroupingNotationMixtureValue" time="0.014" classname="NotationTest.GroupingNotationTest"/>
</testsuite> <!-- NotationTest.GroupingNotationTest -->
