<?xml version="1.0" encoding="UTF-8"?>
<!-- Generated by org.testng.reporters.JUnitReportReporter -->
<testsuite hostname="qr004" name="parsertest.SimplePolymersSectionTest.BetweenInlineMonomerParser" tests="3" failures="0" timestamp="4 Nov 2015 14:34:09 GMT" time="0.000" errors="0">
  <testcase name="goToWithException" time="0.000" classname="parsertest.SimplePolymersSectionTest.BetweenInlineMonomerParser"/>
  <testcase name="goToSimplePolymerNotationParser" time="0.000" classname="parsertest.SimplePolymersSectionTest.BetweenInlineMonomerParser"/>
  <testcase name="goToConnection" time="0.000" classname="parsertest.SimplePolymersSectionTest.BetweenInlineMonomerParser"/>
</testsuite> <!-- parsertest.SimplePolymersSectionTest.BetweenInlineMonomerParser -->
