<?xml version="1.0" encoding="UTF-8"?>
<!-- Generated by org.testng.reporters.JUnitReportReporter -->
<testsuite hostname="qr004" name="NotationTest.PolymerNotationTest" tests="5" failures="0" timestamp="4 Nov 2015 14:34:09 GMT" time="0.017" errors="0">
  <testcase name="testInputGroupMixture" time="0.000" classname="NotationTest.PolymerNotationTest"/>
  <testcase name="testGroupRepeating" time="0.000" classname="NotationTest.PolymerNotationTest"/>
  <testcase name="testInputCount" time="0.001" classname="NotationTest.PolymerNotationTest"/>
  <testcase name="testSimpleInput" time="0.016" classname="NotationTest.PolymerNotationTest"/>
  <testcase name="testInputGroupOr" time="0.000" classname="NotationTest.PolymerNotationTest"/>
</testsuite> <!-- NotationTest.PolymerNotationTest -->
