<?xml version="1.0" encoding="UTF-8"?>
<!-- Generated by org.testng.reporters.JUnitReportReporter -->
<testsuite hostname="qr004" name="NotationTest.Grouping.GroupingNotationTest" tests="4" failures="0" timestamp="4 Nov 2015 14:34:09 GMT" time="0.000" errors="0">
  <testcase name="testConstructorAmbiguityAND" time="0.000" classname="NotationTest.Grouping.GroupingNotationTest"/>
  <testcase name="testConstructor" time="0.000" classname="NotationTest.Grouping.GroupingNotationTest"/>
  <testcase name="testConstructorWithException" time="0.000" classname="NotationTest.Grouping.GroupingNotationTest"/>
  <testcase name="testConstructorAmbiguityOR" time="0.000" classname="NotationTest.Grouping.GroupingNotationTest"/>
</testsuite> <!-- NotationTest.Grouping.GroupingNotationTest -->
