<?xml version="1.0" encoding="UTF-8"?>
<!-- Generated by org.testng.reporters.JUnitReportReporter -->
<testsuite hostname="QR022" name="NotationTest.JSONTest" tests="1" failures="0" timestamp="4 Nov 2015 14:52:26 GMT" time="0.162" errors="0">
  <testcase name="testAnnotationNotation" time="0.162" classname="NotationTest.JSONTest"/>
</testsuite> <!-- NotationTest.JSONTest -->
