<?xml version="1.0" encoding="UTF-8"?>
<!-- Generated by org.testng.reporters.JUnitReportReporter -->
<testsuite hostname="qr004" name="NotationTest.NotationTest" tests="2" failures="0" timestamp="4 Nov 2015 14:34:09 GMT" time="0.438" errors="0">
  <testcase name="testNegativeInput" time="0.031" classname="NotationTest.NotationTest"/>
  <testcase name="testPositiveInput" time="0.407" classname="NotationTest.NotationTest"/>
</testsuite> <!-- NotationTest.NotationTest -->
