<?xml version="1.0" encoding="UTF-8"?>
<!-- Generated by org.testng.reporters.JUnitReportReporter -->
<testsuite hostname="QR022" name="parsertest.connectionsectiontest.TestInputConnectionSection" tests="9" failures="0" timestamp="7 Dec 2015 08:17:27 GMT" time="0.146" errors="0">
  <testcase name="testInlineAnnotationsConnection" time="0.017" classname="parsertest.connectionsectiontest.TestInputConnectionSection"/>
  <testcase name="testInlineAnnotationsConnectionWithException" time="0.017" classname="parsertest.connectionsectiontest.TestInputConnectionSection"/>
  <testcase name="testConnectionMonomerAmbiguityPartlyInformation" time="0.020" classname="parsertest.connectionsectiontest.TestInputConnectionSection"/>
  <testcase name="testConnectionUnknownBinding" time="0.008" classname="parsertest.connectionsectiontest.TestInputConnectionSection"/>
  <testcase name="testConnectionMonomerAmbiguity" time="0.021" classname="parsertest.connectionsectiontest.TestInputConnectionSection"/>
  <testcase name="testConnectionMonomer" time="0.028" classname="parsertest.connectionsectiontest.TestInputConnectionSection"/>
  <testcase name="testHydrogenBondInConnectionSection" time="0.006" classname="parsertest.connectionsectiontest.TestInputConnectionSection"/>
  <testcase name="testConnectionMonomerAmbiguityNoInformation" time="0.022" classname="parsertest.connectionsectiontest.TestInputConnectionSection"/>
  <testcase name="testConnectionStatisticalBinding" time="0.007" classname="parsertest.connectionsectiontest.TestInputConnectionSection"/>
</testsuite> <!-- parsertest.connectionsectiontest.TestInputConnectionSection -->
