<?xml version="1.0" encoding="UTF-8"?>
<!-- Generated by org.testng.reporters.JUnitReportReporter -->
<testsuite hostname="QR022" name="parsertest.AnnotationSectionTest.TestInputAnnotationSection" tests="1" failures="0" timestamp="4 Nov 2015 14:52:26 GMT" time="0.005" errors="0">
  <testcase name="testSimpleInput" time="0.005" classname="parsertest.AnnotationSectionTest.TestInputAnnotationSection"/>
</testsuite> <!-- parsertest.AnnotationSectionTest.TestInputAnnotationSection -->
