<?xml version="1.0" encoding="UTF-8"?>
<!-- Generated by org.testng.reporters.JUnitReportReporter -->
<testsuite hostname="qr004" name="parsertest.AnnotationSectionTest.TestInputAnnotationSection" tests="1" failures="0" timestamp="4 Nov 2015 14:34:09 GMT" time="0.015" errors="0">
  <testcase name="testSimpleInput" time="0.015" classname="parsertest.AnnotationSectionTest.TestInputAnnotationSection"/>
</testsuite> <!-- parsertest.AnnotationSectionTest.TestInputAnnotationSection -->
