<?xml version="1.0" encoding="UTF-8"?>
<!-- Generated by org.testng.reporters.JUnitReportReporter -->
<testsuite hostname="QR022" name="parsertest.groupingsectiontest.TestInputGroupingSection" tests="5" failures="0" timestamp="4 Dec 2015 09:47:06 GMT" time="0.091" errors="0">
  <testcase name="testGroupingAmbiguityAnd" time="0.034" classname="parsertest.groupingsectiontest.TestInputGroupingSection"/>
  <testcase name="testGroupingAmbiguityOr" time="0.021" classname="parsertest.groupingsectiontest.TestInputGroupingSection"/>
  <testcase name="testGroupingUnknownRatio" time="0.004" classname="parsertest.groupingsectiontest.TestInputGroupingSection"/>
  <testcase name="testGroupingAmbiguityAndRatio" time="0.029" classname="parsertest.groupingsectiontest.TestInputGroupingSection"/>
  <testcase name="testGroupingAmbiguityAndRatioAndRange" time="0.003" classname="parsertest.groupingsectiontest.TestInputGroupingSection"/>
</testsuite> <!-- parsertest.groupingsectiontest.TestInputGroupingSection -->
