<?xml version="1.0" encoding="UTF-8"?>
<!-- Generated by org.testng.reporters.JUnitReportReporter -->
<testsuite hostname="QR022" name="NotationTest.ConnectionNotationTest" tests="3" failures="0" timestamp="4 Nov 2015 14:52:26 GMT" time="0.060" errors="0">
  <testcase name="testConnectionNotationTwo" time="0.019" classname="NotationTest.ConnectionNotationTest"/>
  <testcase name="testConnectionNotation" time="0.018" classname="NotationTest.ConnectionNotationTest"/>
  <testcase name="testConnectionGrouping" time="0.023" classname="NotationTest.ConnectionNotationTest"/>
</testsuite> <!-- NotationTest.ConnectionNotationTest -->
