<?xml version="1.0" encoding="UTF-8"?>
<!-- Generated by org.testng.reporters.JUnitReportReporter -->
<testsuite hostname="qr004" name="parsertest.ConnectionSectionTest.ConnectionsReadSecondIDParserTest" tests="2" failures="0" timestamp="4 Nov 2015 14:34:09 GMT" time="0.000" errors="0">
  <testcase name="goToConnectionsDetailsParser" time="0.000" classname="parsertest.ConnectionSectionTest.ConnectionsReadSecondIDParserTest"/>
  <testcase name="goToConnectionsDetailsParserWithException" time="0.000" classname="parsertest.ConnectionSectionTest.ConnectionsReadSecondIDParserTest"/>
</testsuite> <!-- parsertest.ConnectionSectionTest.ConnectionsReadSecondIDParserTest -->
