<?xml version="1.0" encoding="UTF-8"?>
<!-- Generated by org.testng.reporters.JUnitReportReporter -->
<testsuite hostname="QR022" name="NotationTest.PolymerNotationTest" tests="5" failures="0" timestamp="4 Nov 2015 14:52:26 GMT" time="0.047" errors="0">
  <testcase name="testGroupRepeating" time="0.019" classname="NotationTest.PolymerNotationTest"/>
  <testcase name="testInputGroupMixture" time="0.002" classname="NotationTest.PolymerNotationTest"/>
  <testcase name="testInputGroupOr" time="0.002" classname="NotationTest.PolymerNotationTest"/>
  <testcase name="testInputCount" time="0.002" classname="NotationTest.PolymerNotationTest"/>
  <testcase name="testSimpleInput" time="0.022" classname="NotationTest.PolymerNotationTest"/>
</testsuite> <!-- NotationTest.PolymerNotationTest -->
