<?xml version="1.0" encoding="UTF-8"?>
<!-- Generated by org.testng.reporters.JUnitReportReporter -->
<testsuite hostname="QR022" name="parsertest.simplepolymerssectiontest.RepeatingMonomerParserTest" tests="5" failures="0" timestamp="7 Dec 2015 08:17:27 GMT" time="0.001" errors="0">
  <testcase name="goToBetweenParserRangeWithException" time="0.000" classname="parsertest.simplepolymerssectiontest.RepeatingMonomerParserTest"/>
  <testcase name="goToBetweenParser" time="0.000" classname="parsertest.simplepolymerssectiontest.RepeatingMonomerParserTest"/>
  <testcase name="goToBetweenParserWithException" time="0.000" classname="parsertest.simplepolymerssectiontest.RepeatingMonomerParserTest"/>
  <testcase name="goToBetweenParserRange" time="0.001" classname="parsertest.simplepolymerssectiontest.RepeatingMonomerParserTest"/>
  <testcase name="keepThisStateTest" time="0.000" classname="parsertest.simplepolymerssectiontest.RepeatingMonomerParserTest"/>
</testsuite> <!-- parsertest.simplepolymerssectiontest.RepeatingMonomerParserTest -->
