<?xml version="1.0" encoding="UTF-8"?>
<!-- Generated by org.testng.reporters.JUnitReportReporter -->
<testsuite hostname="QR022" name="parsertest.FinalStateTest" tests="1" failures="0" timestamp="4 Nov 2015 14:52:25 GMT" time="0.001" errors="0">
  <testcase name="goToFinalStateWithException" time="0.001" classname="parsertest.FinalStateTest"/>
</testsuite> <!-- parsertest.FinalStateTest -->
