<?xml version="1.0" encoding="UTF-8"?>
<!-- Generated by org.testng.reporters.JUnitReportReporter -->
<testsuite hostname="QR022" name="NotationTest.Polymer.MonomerNotationGroupTest" tests="2" failures="0" timestamp="4 Nov 2015 14:52:26 GMT" time="0.000" errors="0">
  <testcase name="MonomerNotationGroupTestAND" time="0.000" classname="NotationTest.Polymer.MonomerNotationGroupTest"/>
  <testcase name="MonomerNotationGroupTestOr" time="0.000" classname="NotationTest.Polymer.MonomerNotationGroupTest"/>
</testsuite> <!-- NotationTest.Polymer.MonomerNotationGroupTest -->
