<?xml version="1.0" encoding="UTF-8"?>
<!-- Generated by org.testng.reporters.JUnitReportReporter -->
<testsuite hostname="QR022" name="NotationTest.Polymer.PolymerNotationTest" tests="6" failures="0" timestamp="4 Nov 2015 14:52:26 GMT" time="0.002" errors="0">
  <testcase name="testPolymerNotationIDPEPTIDE" time="0.001" classname="NotationTest.Polymer.PolymerNotationTest"/>
  <testcase name="testPolymerNotationIDCHEM" time="0.000" classname="NotationTest.Polymer.PolymerNotationTest"/>
  <testcase name="testPolymerNotationIDBLOB" time="0.000" classname="NotationTest.Polymer.PolymerNotationTest"/>
  <testcase name="testPolymerNotationAnnotation" time="0.000" classname="NotationTest.Polymer.PolymerNotationTest"/>
  <testcase name="testPolymerNotationIDRNA" time="0.000" classname="NotationTest.Polymer.PolymerNotationTest"/>
  <testcase name="testPolymerNotationIDBLOBWithException" time="0.001" classname="NotationTest.Polymer.PolymerNotationTest"/>
</testsuite> <!-- NotationTest.Polymer.PolymerNotationTest -->
