<?xml version="1.0" encoding="UTF-8"?>
<!-- Generated by org.testng.reporters.JUnitReportReporter -->
<testsuite hostname="QR022" name="parsertest.ConverterHELM1ToHELM2Test" tests="2" failures="0" timestamp="4 Nov 2015 14:52:25 GMT" time="0.017" errors="0">
  <testcase name="simpleHELM1StringTest" time="0.003" classname="parsertest.ConverterHELM1ToHELM2Test"/>
  <testcase name="SMILESTest" time="0.014" classname="parsertest.ConverterHELM1ToHELM2Test"/>
</testsuite> <!-- parsertest.ConverterHELM1ToHELM2Test -->
