<?xml version="1.0" encoding="UTF-8"?>
<!-- Generated by org.testng.reporters.JUnitReportReporter -->
<testsuite hostname="QR022" name="parsertest.ConnectionSectionTest.TestInputConnectionSection" tests="9" failures="0" timestamp="4 Nov 2015 14:52:26 GMT" time="0.117" errors="0">
  <testcase name="testInlineAnnotationsConnectionWithException" time="0.020" classname="parsertest.ConnectionSectionTest.TestInputConnectionSection"/>
  <testcase name="testConnectionMonomerAmbiguity" time="0.016" classname="parsertest.ConnectionSectionTest.TestInputConnectionSection"/>
  <testcase name="testConnectionMonomer" time="0.020" classname="parsertest.ConnectionSectionTest.TestInputConnectionSection"/>
  <testcase name="testInlineAnnotationsConnection" time="0.015" classname="parsertest.ConnectionSectionTest.TestInputConnectionSection"/>
  <testcase name="testConnectionMonomerAmbiguityNoInformation" time="0.016" classname="parsertest.ConnectionSectionTest.TestInputConnectionSection"/>
  <testcase name="testHydrogenBondInConnectionSection" time="0.004" classname="parsertest.ConnectionSectionTest.TestInputConnectionSection"/>
  <testcase name="testConnectionStatisticalBinding" time="0.005" classname="parsertest.ConnectionSectionTest.TestInputConnectionSection"/>
  <testcase name="testConnectionMonomerAmbiguityPartlyInformation" time="0.015" classname="parsertest.ConnectionSectionTest.TestInputConnectionSection"/>
  <testcase name="testConnectionUnknownBinding" time="0.006" classname="parsertest.ConnectionSectionTest.TestInputConnectionSection"/>
</testsuite> <!-- parsertest.ConnectionSectionTest.TestInputConnectionSection -->
