<?xml version="1.0" encoding="UTF-8"?>
<!-- Generated by org.testng.reporters.JUnitReportReporter -->
<testsuite hostname="QR022" name="parsertest.SimplePolymersSectionTest.BetweenParserTest" tests="4" failures="0" timestamp="4 Nov 2015 14:52:26 GMT" time="0.001" errors="0">
  <testcase name="goToConnectionsParser" time="0.000" classname="parsertest.SimplePolymersSectionTest.BetweenParserTest"/>
  <testcase name="goToSimplePolymersParser" time="0.000" classname="parsertest.SimplePolymersSectionTest.BetweenParserTest"/>
  <testcase name="Reading$WithException" time="0.000" classname="parsertest.SimplePolymersSectionTest.BetweenParserTest"/>
  <testcase name="goToInlineAnnotationsParser" time="0.001" classname="parsertest.SimplePolymersSectionTest.BetweenParserTest"/>
</testsuite> <!-- parsertest.SimplePolymersSectionTest.BetweenParserTest -->
