<?xml version="1.0" encoding="UTF-8"?>
<!-- Generated by org.testng.reporters.JUnitReportReporter -->
<testsuite hostname="QR022" name="parsertest.SimplePolymersSectionTest.BetweenMonomerParserTest" tests="4" failures="0" timestamp="4 Nov 2015 14:52:26 GMT" time="0.002" errors="0">
  <testcase name="goToInlineAnnotationParser" time="0.000" classname="parsertest.SimplePolymersSectionTest.BetweenMonomerParserTest"/>
  <testcase name="goToBetweenParser" time="0.001" classname="parsertest.SimplePolymersSectionTest.BetweenMonomerParserTest"/>
  <testcase name="goToSimplePolymerNotationParser" time="0.001" classname="parsertest.SimplePolymersSectionTest.BetweenMonomerParserTest"/>
  <testcase name="goToWithException" time="0.000" classname="parsertest.SimplePolymersSectionTest.BetweenMonomerParserTest"/>
</testsuite> <!-- parsertest.SimplePolymersSectionTest.BetweenMonomerParserTest -->
