<?xml version="1.0" encoding="UTF-8"?>
<!-- Generated by org.testng.reporters.JUnitReportReporter -->
<testsuite hostname="QR022" name="parsertest.annotationsectiontest.AnnotationParserTest" tests="4" failures="0" timestamp="9 Dec 2015 08:05:58 GMT" time="0.056" errors="0">
  <testcase name="keepToFinalStateWithException" time="0.001" classname="parsertest.annotationsectiontest.AnnotationParserTest"/>
  <testcase name="goToFinalState" time="0.054" classname="parsertest.annotationsectiontest.AnnotationParserTest"/>
  <testcase name="keepThisState" time="0.001" classname="parsertest.annotationsectiontest.AnnotationParserTest"/>
  <testcase name="keepThisStateSecondAnnotation" time="0.000" classname="parsertest.annotationsectiontest.AnnotationParserTest"/>
</testsuite> <!-- parsertest.annotationsectiontest.AnnotationParserTest -->
