<?xml version="1.0" encoding="UTF-8"?>
<!-- Generated by org.testng.reporters.JUnitReportReporter -->
<testsuite hostname="qr004" name="parsertest.InlineAnnotationsParserTest" tests="4" failures="0" timestamp="4 Nov 2015 14:34:09 GMT" time="0.000" errors="0">
  <testcase name="goToBetweenParser" time="0.000" classname="parsertest.InlineAnnotationsParserTest"/>
  <testcase name="goToBetweenInlineConnectionParser" time="0.000" classname="parsertest.InlineAnnotationsParserTest"/>
  <testcase name="keepThisState" time="0.000" classname="parsertest.InlineAnnotationsParserTest"/>
  <testcase name="goToSimplePolymersNotationParserParser" time="0.000" classname="parsertest.InlineAnnotationsParserTest"/>
</testsuite> <!-- parsertest.InlineAnnotationsParserTest -->
