<?xml version="1.0" encoding="UTF-8"?>
<!-- Generated by org.testng.reporters.JUnitReportReporter -->
<testsuite hostname="QR022" name="parsertest.AnnotationSectionTest.AnnotationParserTest" tests="3" failures="0" timestamp="4 Nov 2015 14:52:26 GMT" time="0.001" errors="0">
  <testcase name="keepToFinalStateWithException" time="0.000" classname="parsertest.AnnotationSectionTest.AnnotationParserTest"/>
  <testcase name="goToFinalState" time="0.001" classname="parsertest.AnnotationSectionTest.AnnotationParserTest"/>
  <testcase name="keepThisState" time="0.000" classname="parsertest.AnnotationSectionTest.AnnotationParserTest"/>
</testsuite> <!-- parsertest.AnnotationSectionTest.AnnotationParserTest -->
