<?xml version="1.0" encoding="UTF-8"?>
<!-- Generated by org.testng.reporters.JUnitReportReporter -->
<testsuite hostname="QR022" name="parsertest.SimplePolymersSectionTest.RepeatingMonomerParserTest" tests="5" failures="0" timestamp="4 Nov 2015 14:52:26 GMT" time="0.003" errors="0">
  <testcase name="goToBetweenParser" time="0.001" classname="parsertest.SimplePolymersSectionTest.RepeatingMonomerParserTest"/>
  <testcase name="goToBetweenParserRange" time="0.001" classname="parsertest.SimplePolymersSectionTest.RepeatingMonomerParserTest"/>
  <testcase name="goToBetweenParserWithException" time="0.000" classname="parsertest.SimplePolymersSectionTest.RepeatingMonomerParserTest"/>
  <testcase name="goToBetweenParserRangeWithException" time="0.001" classname="parsertest.SimplePolymersSectionTest.RepeatingMonomerParserTest"/>
  <testcase name="keepThisStateTest" time="0.000" classname="parsertest.SimplePolymersSectionTest.RepeatingMonomerParserTest"/>
</testsuite> <!-- parsertest.SimplePolymersSectionTest.RepeatingMonomerParserTest -->
