<?xml version="1.0" encoding="UTF-8"?>
<!-- Generated by org.testng.reporters.JUnitReportReporter -->
<testsuite hostname="QR022" name="parsertest.simplepolymerssectiontest.SimplePolymersNotationParserTest" tests="10" failures="0" timestamp="7 Dec 2015 08:17:27 GMT" time="0.003" errors="0">
  <testcase name="goToBetweenParser" time="0.000" classname="parsertest.simplepolymerssectiontest.SimplePolymersNotationParserTest"/>
  <testcase name="initalizeThisStateTest" time="0.000" classname="parsertest.simplepolymerssectiontest.SimplePolymersNotationParserTest"/>
  <testcase name="keepThisStateTest" time="0.000" classname="parsertest.simplepolymerssectiontest.SimplePolymersNotationParserTest"/>
  <testcase name="testSMILESFunction" time="0.001" classname="parsertest.simplepolymerssectiontest.SimplePolymersNotationParserTest"/>
  <testcase name="goToRepeatingMonomerParserWithException" time="0.001" classname="parsertest.simplepolymerssectiontest.SimplePolymersNotationParserTest"/>
  <testcase name="goToInlineAnnotaitonsParser" time="0.000" classname="parsertest.simplepolymerssectiontest.SimplePolymersNotationParserTest"/>
  <testcase name="initalizeThisStateTestWithException" time="0.000" classname="parsertest.simplepolymerssectiontest.SimplePolymersNotationParserTest"/>
  <testcase name="goToInlineAnnotaitonsParserWithException" time="0.001" classname="parsertest.simplepolymerssectiontest.SimplePolymersNotationParserTest"/>
  <testcase name="testSMILESFunctionWithException" time="0.000" classname="parsertest.simplepolymerssectiontest.SimplePolymersNotationParserTest"/>
  <testcase name="goToRepeatingMonomerParser" time="0.000" classname="parsertest.simplepolymerssectiontest.SimplePolymersNotationParserTest"/>
</testsuite> <!-- parsertest.simplepolymerssectiontest.SimplePolymersNotationParserTest -->
