<?xml version="1.0" encoding="UTF-8"?>
<!-- Generated by org.testng.reporters.JUnitReportReporter -->
<testsuite hostname="QR022" name="parsertest.connectionsectiontest.ConnectionsReadSecondIDParserTest" tests="2" failures="0" timestamp="7 Dec 2015 08:17:27 GMT" time="0.000" errors="0">
  <testcase name="goToConnectionsDetailsParserWithException" time="0.000" classname="parsertest.connectionsectiontest.ConnectionsReadSecondIDParserTest"/>
  <testcase name="goToConnectionsDetailsParser" time="0.000" classname="parsertest.connectionsectiontest.ConnectionsReadSecondIDParserTest"/>
</testsuite> <!-- parsertest.connectionsectiontest.ConnectionsReadSecondIDParserTest -->
