<?xml version="1.0" encoding="UTF-8"?>
<!-- Generated by org.testng.reporters.JUnitReportReporter -->
<testsuite hostname="QR022" name="parsertest.InlineAnnotationsParserTest" tests="4" failures="0" timestamp="4 Dec 2015 09:47:06 GMT" time="0.003" errors="0">
  <testcase name="goToBetweenInlineConnectionParser" time="0.001" classname="parsertest.InlineAnnotationsParserTest"/>
  <testcase name="keepThisState" time="0.000" classname="parsertest.InlineAnnotationsParserTest"/>
  <testcase name="goToBetweenParser" time="0.001" classname="parsertest.InlineAnnotationsParserTest"/>
  <testcase name="goToSimplePolymersNotationParserParser" time="0.001" classname="parsertest.InlineAnnotationsParserTest"/>
</testsuite> <!-- parsertest.InlineAnnotationsParserTest -->
