<?xml version="1.0" encoding="UTF-8"?>
<!-- Generated by org.testng.reporters.JUnitReportReporter -->
<testsuite hostname="qr004" name="parsertest.SimplePolymersSectionTest.RepeatingMonomerParserTest" tests="5" failures="0" timestamp="4 Nov 2015 14:34:09 GMT" time="0.031" errors="0">
  <testcase name="goToBetweenParserRangeWithException" time="0.016" classname="parsertest.SimplePolymersSectionTest.RepeatingMonomerParserTest"/>
  <testcase name="goToBetweenParserRange" time="0.000" classname="parsertest.SimplePolymersSectionTest.RepeatingMonomerParserTest"/>
  <testcase name="goToBetweenParser" time="0.015" classname="parsertest.SimplePolymersSectionTest.RepeatingMonomerParserTest"/>
  <testcase name="goToBetweenParserWithException" time="0.000" classname="parsertest.SimplePolymersSectionTest.RepeatingMonomerParserTest"/>
  <testcase name="keepThisStateTest" time="0.000" classname="parsertest.SimplePolymersSectionTest.RepeatingMonomerParserTest"/>
</testsuite> <!-- parsertest.SimplePolymersSectionTest.RepeatingMonomerParserTest -->
