<?xml version="1.0" encoding="UTF-8"?>
<!-- Generated by org.testng.reporters.JUnitReportReporter -->
<testsuite hostname="QR022" name="parsertest.simplepolymerssectiontest.BetweenMonomerParserTest" tests="4" failures="0" timestamp="7 Dec 2015 08:17:27 GMT" time="0.000" errors="0">
  <testcase name="goToWithException" time="0.000" classname="parsertest.simplepolymerssectiontest.BetweenMonomerParserTest"/>
  <testcase name="goToBetweenParser" time="0.000" classname="parsertest.simplepolymerssectiontest.BetweenMonomerParserTest"/>
  <testcase name="goToSimplePolymerNotationParser" time="0.000" classname="parsertest.simplepolymerssectiontest.BetweenMonomerParserTest"/>
  <testcase name="goToInlineAnnotationParser" time="0.000" classname="parsertest.simplepolymerssectiontest.BetweenMonomerParserTest"/>
</testsuite> <!-- parsertest.simplepolymerssectiontest.BetweenMonomerParserTest -->
