<?xml version="1.0" encoding="UTF-8"?>
<!-- Generated by org.testng.reporters.JUnitReportReporter -->
<testsuite hostname="qr004" name="parsertest.ConnectionSectionTest.ConnectionsParserTest" tests="5" failures="0" timestamp="4 Nov 2015 14:34:09 GMT" time="0.000" errors="0">
  <testcase name="goToGroupingParser" time="0.000" classname="parsertest.ConnectionSectionTest.ConnectionsParserTest"/>
  <testcase name="keepThisState" time="0.000" classname="parsertest.ConnectionSectionTest.ConnectionsParserTest"/>
  <testcase name="goToGroupingParserWithException" time="0.000" classname="parsertest.ConnectionSectionTest.ConnectionsParserTest"/>
  <testcase name="goToConnectionsReadSecondIDParser" time="0.000" classname="parsertest.ConnectionSectionTest.ConnectionsParserTest"/>
  <testcase name="goToConnectionsReadSecondIDParserWithException" time="0.000" classname="parsertest.ConnectionSectionTest.ConnectionsParserTest"/>
</testsuite> <!-- parsertest.ConnectionSectionTest.ConnectionsParserTest -->
