<?xml version="1.0" encoding="UTF-8"?>
<!-- Generated by org.testng.reporters.JUnitReportReporter -->
<testsuite hostname="QR022" name="parsertest.annotationsectiontest.AnnotationParserTest" tests="3" failures="0" timestamp="4 Dec 2015 09:47:06 GMT" time="0.002" errors="0">
  <testcase name="keepToFinalStateWithException" time="0.001" classname="parsertest.annotationsectiontest.AnnotationParserTest"/>
  <testcase name="goToFinalState" time="0.000" classname="parsertest.annotationsectiontest.AnnotationParserTest"/>
  <testcase name="keepThisState" time="0.001" classname="parsertest.annotationsectiontest.AnnotationParserTest"/>
</testsuite> <!-- parsertest.annotationsectiontest.AnnotationParserTest -->
