<?xml version="1.0" encoding="UTF-8"?>
<!-- Generated by org.testng.reporters.JUnitReportReporter -->
<testsuite hostname="qr004" name="NotationTest.Polymer.PolymerNotationTest" tests="6" failures="0" timestamp="4 Nov 2015 14:34:09 GMT" time="0.000" errors="0">
  <testcase name="testPolymerNotationIDBLOBWithException" time="0.000" classname="NotationTest.Polymer.PolymerNotationTest"/>
  <testcase name="testPolymerNotationIDCHEM" time="0.000" classname="NotationTest.Polymer.PolymerNotationTest"/>
  <testcase name="testPolymerNotationIDPEPTIDE" time="0.000" classname="NotationTest.Polymer.PolymerNotationTest"/>
  <testcase name="testPolymerNotationIDBLOB" time="0.000" classname="NotationTest.Polymer.PolymerNotationTest"/>
  <testcase name="testPolymerNotationAnnotation" time="0.000" classname="NotationTest.Polymer.PolymerNotationTest"/>
  <testcase name="testPolymerNotationIDRNA" time="0.000" classname="NotationTest.Polymer.PolymerNotationTest"/>
</testsuite> <!-- NotationTest.Polymer.PolymerNotationTest -->
