<?xml version="1.0" encoding="UTF-8"?>
<!-- Generated by org.testng.reporters.JUnitReportReporter -->
<testsuite hostname="qr004" name="NotationTest.JSONTest" tests="1" failures="0" timestamp="4 Nov 2015 14:34:09 GMT" time="0.156" errors="0">
  <testcase name="testAnnotationNotation" time="0.156" classname="NotationTest.JSONTest"/>
</testsuite> <!-- NotationTest.JSONTest -->
