<?xml version="1.0" encoding="UTF-8"?>
<!-- Generated by org.testng.reporters.JUnitReportReporter -->
<testsuite hostname="qr004" name="parsertest.ConnectionSectionTest.TestInputConnectionSection" tests="9" failures="0" timestamp="4 Nov 2015 14:34:09 GMT" time="0.109" errors="0">
  <testcase name="testInlineAnnotationsConnection" time="0.016" classname="parsertest.ConnectionSectionTest.TestInputConnectionSection"/>
  <testcase name="testHydrogenBondInConnectionSection" time="0.015" classname="parsertest.ConnectionSectionTest.TestInputConnectionSection"/>
  <testcase name="testConnectionMonomerAmbiguity" time="0.016" classname="parsertest.ConnectionSectionTest.TestInputConnectionSection"/>
  <testcase name="testInlineAnnotationsConnectionWithException" time="0.000" classname="parsertest.ConnectionSectionTest.TestInputConnectionSection"/>
  <testcase name="testConnectionStatisticalBinding" time="0.016" classname="parsertest.ConnectionSectionTest.TestInputConnectionSection"/>
  <testcase name="testConnectionMonomer" time="0.015" classname="parsertest.ConnectionSectionTest.TestInputConnectionSection"/>
  <testcase name="testConnectionMonomerAmbiguityPartlyInformation" time="0.015" classname="parsertest.ConnectionSectionTest.TestInputConnectionSection"/>
  <testcase name="testConnectionUnknownBinding" time="0.000" classname="parsertest.ConnectionSectionTest.TestInputConnectionSection"/>
  <testcase name="testConnectionMonomerAmbiguityNoInformation" time="0.016" classname="parsertest.ConnectionSectionTest.TestInputConnectionSection"/>
</testsuite> <!-- parsertest.ConnectionSectionTest.TestInputConnectionSection -->
