<?xml version="1.0" encoding="UTF-8"?>
<!-- Generated by org.testng.reporters.JUnitReportReporter -->
<testsuite hostname="QR022" name="parsertest.groupingsectiontest.GroupingParserTest" tests="5" failures="0" timestamp="7 Dec 2015 08:36:52 GMT" time="0.001" errors="0">
  <testcase name="keepThisState" time="0.000" classname="parsertest.groupingsectiontest.GroupingParserTest"/>
  <testcase name="goToAnnotationsParser" time="0.001" classname="parsertest.groupingsectiontest.GroupingParserTest"/>
  <testcase name="goToGroupingDetailedInformationWithException" time="0.000" classname="parsertest.groupingsectiontest.GroupingParserTest"/>
  <testcase name="goToAnnotaitonsParserWithException" time="0.000" classname="parsertest.groupingsectiontest.GroupingParserTest"/>
  <testcase name="goToGroupingDetailedInformationParser" time="0.000" classname="parsertest.groupingsectiontest.GroupingParserTest"/>
</testsuite> <!-- parsertest.groupingsectiontest.GroupingParserTest -->
