<?xml version="1.0" encoding="UTF-8"?>
<!-- Generated by org.testng.reporters.JUnitReportReporter -->
<testsuite hostname="qr004" name="parsertest.GroupingSectionTest.TestInputGroupingSection" tests="5" failures="0" timestamp="4 Nov 2015 14:34:09 GMT" time="0.047" errors="0">
  <testcase name="testGroupingAmbiguityAndRatioAndRange" time="0.016" classname="parsertest.GroupingSectionTest.TestInputGroupingSection"/>
  <testcase name="testGroupingAmbiguityOr" time="0.000" classname="parsertest.GroupingSectionTest.TestInputGroupingSection"/>
  <testcase name="testGroupingAmbiguityAnd" time="0.000" classname="parsertest.GroupingSectionTest.TestInputGroupingSection"/>
  <testcase name="testGroupingUnknownRatio" time="0.016" classname="parsertest.GroupingSectionTest.TestInputGroupingSection"/>
  <testcase name="testGroupingAmbiguityAndRatio" time="0.015" classname="parsertest.GroupingSectionTest.TestInputGroupingSection"/>
</testsuite> <!-- parsertest.GroupingSectionTest.TestInputGroupingSection -->
