<?xml version="1.0" encoding="UTF-8"?>
<!-- Generated by org.testng.reporters.JUnitReportReporter -->
<testsuite hostname="qr004" name="parsertest.GroupingSectionTest.BetweenGroupingParserTest" tests="3" failures="0" timestamp="4 Nov 2015 14:34:09 GMT" time="0.000" errors="0">
  <testcase name="goToGroupingParser" time="0.000" classname="parsertest.GroupingSectionTest.BetweenGroupingParserTest"/>
  <testcase name="ReadingWithException" time="0.000" classname="parsertest.GroupingSectionTest.BetweenGroupingParserTest"/>
  <testcase name="goToAnnotationsParser" time="0.000" classname="parsertest.GroupingSectionTest.BetweenGroupingParserTest"/>
</testsuite> <!-- parsertest.GroupingSectionTest.BetweenGroupingParserTest -->
