<?xml version="1.0" encoding="UTF-8"?>
<!-- Generated by org.testng.reporters.JUnitReportReporter -->
<testsuite hostname="QR022" name="parsertest.connectionsectiontest.ConnectionsDetailsParserTest" tests="5" failures="0" timestamp="7 Dec 2015 08:36:52 GMT" time="0.002" errors="0">
  <testcase name="keepThisState" time="0.000" classname="parsertest.connectionsectiontest.ConnectionsDetailsParserTest"/>
  <testcase name="goToGroupingParser" time="0.000" classname="parsertest.connectionsectiontest.ConnectionsDetailsParserTest"/>
  <testcase name="goToGroupingParserWithException" time="0.000" classname="parsertest.connectionsectiontest.ConnectionsDetailsParserTest"/>
  <testcase name="goToInlineAnnotationsParser" time="0.001" classname="parsertest.connectionsectiontest.ConnectionsDetailsParserTest"/>
  <testcase name="goToInlineAnnotationsParserWithException" time="0.001" classname="parsertest.connectionsectiontest.ConnectionsDetailsParserTest"/>
</testsuite> <!-- parsertest.connectionsectiontest.ConnectionsDetailsParserTest -->
