<?xml version="1.0" encoding="UTF-8"?>
<!-- Generated by org.testng.reporters.JUnitReportReporter -->
<testsuite hostname="qr004" name="NotationTest.GroupingNotationTest" tests="6" failures="0" timestamp="4 Nov 2015 14:34:09 GMT" time="0.078" errors="0">
  <testcase name="testGroupingNotationMixtureRange" time="0.016" classname="NotationTest.GroupingNotationTest"/>
  <testcase name="testGroupingNotationOR" time="0.000" classname="NotationTest.GroupingNotationTest"/>
  <testcase name="testGroupingNotationOrDefaultValue" time="0.016" classname="NotationTest.GroupingNotationTest"/>
  <testcase name="testGroupingNotationMixture" time="0.016" classname="NotationTest.GroupingNotationTest"/>
  <testcase name="testGroupingAndOr" time="0.015" classname="NotationTest.GroupingNotationTest"/>
  <testcase name="testGroupingNotationMixtureValue" time="0.015" classname="NotationTest.GroupingNotationTest"/>
</testsuite> <!-- NotationTest.GroupingNotationTest -->
