<?xml version="1.0" encoding="UTF-8"?>
<!-- Generated by org.testng.reporters.JUnitReportReporter -->
<testsuite hostname="QR022" name="parsertest.simplepolymerssectiontest.TestInputSimplePolymerSection" tests="15" failures="0" timestamp="7 Dec 2015 08:17:27 GMT" time="0.236" errors="0">
  <testcase name="testMonomerRepeatingUnitsWithException" time="0.001" classname="parsertest.simplepolymerssectiontest.TestInputSimplePolymerSection"/>
  <testcase name="testMonomerRepeatingUnits" time="0.003" classname="parsertest.simplepolymerssectiontest.TestInputSimplePolymerSection"/>
  <testcase name="testInlineAnnotationsPolymerUnknown" time="0.000" classname="parsertest.simplepolymerssectiontest.TestInputSimplePolymerSection"/>
  <testcase name="testInlineAnnotations" time="0.013" classname="parsertest.simplepolymerssectiontest.TestInputSimplePolymerSection"/>
  <testcase name="testInlineAnnoationsInBrackets" time="0.003" classname="parsertest.simplepolymerssectiontest.TestInputSimplePolymerSection"/>
  <testcase name="testSimpleInput" time="0.015" classname="parsertest.simplepolymerssectiontest.TestInputSimplePolymerSection"/>
  <testcase name="testMonomerRepeating" time="0.001" classname="parsertest.simplepolymerssectiontest.TestInputSimplePolymerSection"/>
  <testcase name="testRepeatedFragmentsWithException" time="0.001" classname="parsertest.simplepolymerssectiontest.TestInputSimplePolymerSection"/>
  <testcase name="testInlineAnnotationsPolymer" time="0.013" classname="parsertest.simplepolymerssectiontest.TestInputSimplePolymerSection"/>
  <testcase name="testInlineAnnoationsWithException" time="0.001" classname="parsertest.simplepolymerssectiontest.TestInputSimplePolymerSection"/>
  <testcase name="testRepeatedFragments" time="0.159" classname="parsertest.simplepolymerssectiontest.TestInputSimplePolymerSection"/>
  <testcase name="testLysineThereOrNot" time="0.014" classname="parsertest.simplepolymerssectiontest.TestInputSimplePolymerSection"/>
  <testcase name="testNewSimplePolymerType" time="0.004" classname="parsertest.simplepolymerssectiontest.TestInputSimplePolymerSection"/>
  <testcase name="testInlineAnnotationsPolymerWithException" time="0.007" classname="parsertest.simplepolymerssectiontest.TestInputSimplePolymerSection"/>
  <testcase name="testMonomerRepeatingRange" time="0.001" classname="parsertest.simplepolymerssectiontest.TestInputSimplePolymerSection"/>
</testsuite> <!-- parsertest.simplepolymerssectiontest.TestInputSimplePolymerSection -->
