<?xml version="1.0" encoding="UTF-8"?>
<!-- Generated by org.testng.reporters.JUnitReportReporter -->
<testsuite hostname="QR022" name="parsertest.ConverterHELM1ToHELM2Test" tests="2" failures="0" timestamp="9 Dec 2015 11:17:07 GMT" time="0.066" errors="0">
  <testcase name="simpleHELM1StringTest" time="0.006" classname="parsertest.ConverterHELM1ToHELM2Test"/>
  <testcase name="SMILESTest" time="0.060" classname="parsertest.ConverterHELM1ToHELM2Test"/>
</testsuite> <!-- parsertest.ConverterHELM1ToHELM2Test -->
