<?xml version="1.0" encoding="UTF-8"?>
<!-- Generated by org.testng.reporters.JUnitReportReporter -->
<testsuite hostname="QR022" name="parsertest.groupingsectiontest.BetweenGroupingParserTest" tests="3" failures="0" timestamp="7 Dec 2015 08:17:27 GMT" time="0.001" errors="0">
  <testcase name="goToAnnotationsParser" time="0.000" classname="parsertest.groupingsectiontest.BetweenGroupingParserTest"/>
  <testcase name="ReadingWithException" time="0.001" classname="parsertest.groupingsectiontest.BetweenGroupingParserTest"/>
  <testcase name="goToGroupingParser" time="0.000" classname="parsertest.groupingsectiontest.BetweenGroupingParserTest"/>
</testsuite> <!-- parsertest.groupingsectiontest.BetweenGroupingParserTest -->
