<?xml version="1.0" encoding="UTF-8"?>
<!-- Generated by org.testng.reporters.JUnitReportReporter -->
<testsuite hostname="QR022" name="parsertest.SimplePolymersSectionTest.BetweenInlineMonomerParser" tests="3" failures="0" timestamp="4 Nov 2015 14:52:25 GMT" time="0.001" errors="0">
  <testcase name="goToSimplePolymerNotationParser" time="0.001" classname="parsertest.SimplePolymersSectionTest.BetweenInlineMonomerParser"/>
  <testcase name="goToWithException" time="0.000" classname="parsertest.SimplePolymersSectionTest.BetweenInlineMonomerParser"/>
  <testcase name="goToConnection" time="0.000" classname="parsertest.SimplePolymersSectionTest.BetweenInlineMonomerParser"/>
</testsuite> <!-- parsertest.SimplePolymersSectionTest.BetweenInlineMonomerParser -->
