<?xml version="1.0" encoding="UTF-8"?>
<!-- Generated by org.testng.reporters.JUnitReportReporter -->
<testsuite hostname="QR022" name="parsertest.ConverterHELM1ToHELM2Test" tests="2" failures="0" timestamp="4 Dec 2015 09:47:06 GMT" time="0.012" errors="0">
  <testcase name="simpleHELM1StringTest" time="0.002" classname="parsertest.ConverterHELM1ToHELM2Test"/>
  <testcase name="SMILESTest" time="0.010" classname="parsertest.ConverterHELM1ToHELM2Test"/>
</testsuite> <!-- parsertest.ConverterHELM1ToHELM2Test -->
