<?xml version="1.0" encoding="UTF-8"?>
<!-- Generated by org.testng.reporters.JUnitReportReporter -->
<testsuite hostname="QR022" name="parsertest.GroupingSectionTest.TestInputGroupingSection" tests="5" failures="0" timestamp="4 Nov 2015 14:52:26 GMT" time="0.030" errors="0">
  <testcase name="testGroupingAmbiguityAndRatio" time="0.011" classname="parsertest.GroupingSectionTest.TestInputGroupingSection"/>
  <testcase name="testGroupingAmbiguityAnd" time="0.009" classname="parsertest.GroupingSectionTest.TestInputGroupingSection"/>
  <testcase name="testGroupingUnknownRatio" time="0.001" classname="parsertest.GroupingSectionTest.TestInputGroupingSection"/>
  <testcase name="testGroupingAmbiguityOr" time="0.008" classname="parsertest.GroupingSectionTest.TestInputGroupingSection"/>
  <testcase name="testGroupingAmbiguityAndRatioAndRange" time="0.001" classname="parsertest.GroupingSectionTest.TestInputGroupingSection"/>
</testsuite> <!-- parsertest.GroupingSectionTest.TestInputGroupingSection -->
