<?xml version="1.0" encoding="UTF-8"?>
<!-- Generated by org.testng.reporters.JUnitReportReporter -->
<testsuite hostname="QR022" name="parsertest.SimplePolymersSectionTest.SimplePolymersNotationParserTest" tests="10" failures="0" timestamp="4 Nov 2015 14:52:26 GMT" time="0.004" errors="0">
  <testcase name="testSMILESFunction" time="0.001" classname="parsertest.SimplePolymersSectionTest.SimplePolymersNotationParserTest"/>
  <testcase name="initalizeThisStateTestWithException" time="0.001" classname="parsertest.SimplePolymersSectionTest.SimplePolymersNotationParserTest"/>
  <testcase name="testSMILESFunctionWithException" time="0.000" classname="parsertest.SimplePolymersSectionTest.SimplePolymersNotationParserTest"/>
  <testcase name="goToRepeatingMonomerParser" time="0.000" classname="parsertest.SimplePolymersSectionTest.SimplePolymersNotationParserTest"/>
  <testcase name="goToBetweenParser" time="0.001" classname="parsertest.SimplePolymersSectionTest.SimplePolymersNotationParserTest"/>
  <testcase name="goToRepeatingMonomerParserWithException" time="0.000" classname="parsertest.SimplePolymersSectionTest.SimplePolymersNotationParserTest"/>
  <testcase name="goToInlineAnnotaitonsParser" time="0.001" classname="parsertest.SimplePolymersSectionTest.SimplePolymersNotationParserTest"/>
  <testcase name="initalizeThisStateTest" time="0.000" classname="parsertest.SimplePolymersSectionTest.SimplePolymersNotationParserTest"/>
  <testcase name="keepThisStateTest" time="0.000" classname="parsertest.SimplePolymersSectionTest.SimplePolymersNotationParserTest"/>
  <testcase name="goToInlineAnnotaitonsParserWithException" time="0.000" classname="parsertest.SimplePolymersSectionTest.SimplePolymersNotationParserTest"/>
</testsuite> <!-- parsertest.SimplePolymersSectionTest.SimplePolymersNotationParserTest -->
