<?xml version="1.0" encoding="UTF-8"?>
<!-- Generated by org.testng.reporters.JUnitReportReporter -->
<testsuite hostname="QR022" name="NotationTest.OutputWriterTest" tests="2" failures="0" timestamp="4 Nov 2015 14:52:25 GMT" time="0.030" errors="0">
  <testcase name="testHELM2OutputExtended" time="0.012" classname="NotationTest.OutputWriterTest"/>
  <testcase name="testHELM2Output" time="0.018" classname="NotationTest.OutputWriterTest"/>
</testsuite> <!-- NotationTest.OutputWriterTest -->
