<?xml version="1.0" encoding="UTF-8"?>
<!-- Generated by org.testng.reporters.JUnitReportReporter -->
<testsuite hostname="QR022" name="NotationTest.Grouping.GroupingAmbiguityTest" tests="1" failures="0" timestamp="4 Nov 2015 14:52:26 GMT" time="0.001" errors="0">
  <testcase name="testGrouping" time="0.001" classname="NotationTest.Grouping.GroupingAmbiguityTest"/>
</testsuite> <!-- NotationTest.Grouping.GroupingAmbiguityTest -->
