<?xml version="1.0" encoding="UTF-8"?>
<!-- Generated by org.testng.reporters.JUnitReportReporter -->
<testsuite hostname="QR022" name="parsertest.simplepolymerssectiontest.BetweenInlineMonomerParser" tests="3" failures="0" timestamp="7 Dec 2015 08:17:27 GMT" time="0.002" errors="0">
  <testcase name="goToWithException" time="0.001" classname="parsertest.simplepolymerssectiontest.BetweenInlineMonomerParser"/>
  <testcase name="goToSimplePolymerNotationParser" time="0.000" classname="parsertest.simplepolymerssectiontest.BetweenInlineMonomerParser"/>
  <testcase name="goToConnection" time="0.001" classname="parsertest.simplepolymerssectiontest.BetweenInlineMonomerParser"/>
</testsuite> <!-- parsertest.simplepolymerssectiontest.BetweenInlineMonomerParser -->
