<?xml version="1.0" encoding="UTF-8"?>
<!-- Generated by org.testng.reporters.JUnitReportReporter -->
<testsuite hostname="QR022" name="parsertest.SimplePolymersSectionTest.SimplePolymersParserTest" tests="4" failures="0" timestamp="4 Nov 2015 14:52:25 GMT" time="0.000" errors="0">
  <testcase name="goToConnectionSectionTest" time="0.000" classname="parsertest.SimplePolymersSectionTest.SimplePolymersParserTest"/>
  <testcase name="keepThisStateTest" time="0.000" classname="parsertest.SimplePolymersSectionTest.SimplePolymersParserTest"/>
  <testcase name="goToSimplePolymersNotationParserTestWithException" time="0.000" classname="parsertest.SimplePolymersSectionTest.SimplePolymersParserTest"/>
  <testcase name="goToSimplePolymersNotationParserTest" time="0.000" classname="parsertest.SimplePolymersSectionTest.SimplePolymersParserTest"/>
</testsuite> <!-- parsertest.SimplePolymersSectionTest.SimplePolymersParserTest -->
