<?xml version="1.0" encoding="UTF-8"?>
<!-- Generated by org.testng.reporters.JUnitReportReporter -->
<testsuite hostname="qr004" name="NotationTest.Grouping.GroupingElementTest" tests="2" failures="0" timestamp="4 Nov 2015 14:34:09 GMT" time="0.000" errors="0">
  <testcase name="testConstructorTwo" time="0.000" classname="NotationTest.Grouping.GroupingElementTest"/>
  <testcase name="testConstructor" time="0.000" classname="NotationTest.Grouping.GroupingElementTest"/>
</testsuite> <!-- NotationTest.Grouping.GroupingElementTest -->
